C51 COMPILER V9.60.7.0   MAIN                                                              02/01/2023 18:01:59 PAGE 1   


C51 COMPILER V9.60.7.0, COMPILATION OF MODULE MAIN
OBJECT MODULE PLACED IN .\Objects\main.obj
COMPILER INVOKED BY: E:\Keil5\C51\BIN\C51.EXE User\main.c LARGE OPTIMIZE(8,SPEED) BROWSE INCDIR(.\HardWare;.\User;.\Libr
                    -ary;.\Library) DEBUG OBJECTEXTEND PRINT(.\Listings\main.lst) OBJECT(.\Objects\main.obj)

line level    source

   1          #include "Deal.h"
   2          #include "EEPROM.h"
   3          
   4          uint8_t arr2[256]={0}; 
   5          uint8_t arr3[256]={0}; 
   6          
   7          int i = 0;
   8          void main()
   9          {
  10   1              Deal_Init();
  11   1      
  12   1              for( i = 0; i < 256; i++)
  13   1              {
  14   2                      arr2[i] = i;
  15   2                      //AT24C02_Byte_Write(i,arr2[i]);
  16   2              }
  17   1      
  18   1              AT24C02_Buffer_Write(0,arr2,255);
  19   1      
  20   1              AT24C02_Sequential_Read(0,arr3,255);
  21   1              for(i = 0; i < 256; i++)
  22   1              {
  23   2                      printf("%bu ",arr3[i]);
  24   2                      if(i%8 ==0)
  25   2                      {
  26   3                              printf("\n");
  27   3                      }
  28   2              }
  29   1              printf("\n");
  30   1      
  31   1              while(1)
  32   1              {
  33   2                      //OLED_DS18B20_Temp();
  34   2                      //OLED_DHT11_Temp();
  35   2              }
  36   1      }
  37          


MODULE INFORMATION:   STATIC OVERLAYABLE
   CODE SIZE        =    191    ----
   CONSTANT SIZE    =      7    ----
   XDATA SIZE       =    514    ----
   PDATA SIZE       =   ----    ----
   DATA SIZE        =   ----    ----
   IDATA SIZE       =   ----    ----
   BIT SIZE         =   ----    ----
END OF MODULE INFORMATION.


C51 COMPILATION COMPLETE.  0 WARNING(S),  0 ERROR(S)
