C51 COMPILER V9.60.7.0   ULTRASONIC                                                        01/14/2023 00:41:29 PAGE 1   


C51 COMPILER V9.60.7.0, COMPILATION OF MODULE ULTRASONIC
OBJECT MODULE PLACED IN .\Objects\ULTRASONIC.obj
COMPILER INVOKED BY: E:\Keil5\C51\BIN\C51.EXE HardWare\ULTRASONIC.c LARGE OPTIMIZE(8,SPEED) BROWSE INCDIR(.\HardWare;.\U
                    -ser;.\Library;.\Library) DEBUG OBJECTEXTEND PRINT(.\Listings\ULTRASONIC.lst) OBJECT(.\Objects\ULTRASONIC.obj)

line level    source

   1          #include "ULTRASONIC.h"
   2          
   3          uint16_t Distance = 0;
   4          
   5          /****
   6                  * @brief        定时器1初始化      //11.0592MHz           
   7                  * @param        无
   8                  * @return   无          
   9                  * Sample usage:Timer0_Init();
  10                  * @note 
  11              */
  12          void Timer1_Init()              
  13          {
  14   1              AUXR |= 0x40;                   //定时器时钟1T模式
  15   1              TMOD &= 0x0F;                   //设置定时器模式
  16   1              TMOD |= 0x10;                   //设置定时器模式
  17   1              TL1 = 0;                                //设置定时初始值
  18   1              TH1 = 0;                                //设置定时初始值
  19   1              TF1 = 0;                                //清除TF1标志
  20   1              TR1 = 1;                                //定时器1开始计时
  21   1      }
  22          
  23          /****
  24                  * @brief        超声波初始化                              
  25                  * @param        无
  26                  * @return   无          
  27                  * Sample usage:Ultrasonic_Init();
  28                  * @note 
  29              */
  30          void Ultrasonic_Init()
  31          {
  32   1              Trig = 0;
  33   1              Echo = 0;
  34   1              Timer1_Init();  
  35   1      }
  36          
  37          /****
  38                  * @brief        开启超声波                        
  39                  * @param        无
  40                  * @return   无          
  41                  * Sample usage:Ultrasonic_Start();
  42                  * @note 
  43              */
  44          static void Ultrasonic_Start()
  45          {
  46   1              Trig = 0;
  47   1              _nop_();
  48   1              Trig = 1;
  49   1              Delay10us();
  50   1              Trig = 0;
  51   1      }
  52          
  53          /****
  54                  * @brief        超声波距离计算            
C51 COMPILER V9.60.7.0   ULTRASONIC                                                        01/14/2023 00:41:29 PAGE 2   

  55                  * @param        无
  56                  * @return   无          
  57                  * Sample usage:Ultrasonic_GetDistance();
  58              */
  59          uint16_t Ultrasonic_GetDistance()
  60          {
  61   1              uint16_t Time = 0;
  62   1              
  63   1              Ultrasonic_Start();
  64   1              Echo = 1;
  65   1              while(!Echo);           //等待低电平结束
  66   1              TR1 = 1;
  67   1              while(Echo);            //等待高电平结束
  68   1              TR1 = 0;
  69   1              
  70   1              Time = TH1*256+TL1;
  71   1              TH1=0;
  72   1              TL1=0;
  73   1              //Time = Time * (12/24);
  74   1              
  75   1              Distance = Time *1.7/100;               //距离计算  mm
  76   1              return Distance;
  77   1      }
  78          


MODULE INFORMATION:   STATIC OVERLAYABLE
   CODE SIZE        =    129    ----
   CONSTANT SIZE    =   ----    ----
   XDATA SIZE       =      2       2
   PDATA SIZE       =   ----    ----
   DATA SIZE        =   ----    ----
   IDATA SIZE       =   ----    ----
   BIT SIZE         =   ----    ----
END OF MODULE INFORMATION.


C51 COMPILATION COMPLETE.  0 WARNING(S),  0 ERROR(S)
