C51 COMPILER V9.60.7.0   DEAL                                                              02/04/2023 17:30:13 PAGE 1   


C51 COMPILER V9.60.7.0, COMPILATION OF MODULE DEAL
OBJECT MODULE PLACED IN .\Objects\Deal.obj
COMPILER INVOKED BY: E:\Keil5\C51\BIN\C51.EXE User\Deal.c LARGE OPTIMIZE(8,SPEED) BROWSE INCDIR(.\HardWare;.\User;.\Libr
                    -ary;.\Library) DEBUG OBJECTEXTEND PRINT(.\Listings\Deal.lst) OBJECT(.\Objects\Deal.obj)

line level    source

   1          #include "Deal.h"
   2          
   3          //Alert_Temp[0] 高温报警值      Alert_Temp[1]           低温报警值
   4          uint8_t Alert_Temp[2];
   5          char TempH,TempL,HumiH,HumiL;
   6          float T;
   7          uint8_t Mode = 0;
   8          uint8_t KeyNum = 0;
   9          
  10          /****
  11                  * @brief        数据处理 初始化                           
  12                  * @param        无
  13                  * @return   无  
  14                  * Sample usage:Deal_Init();
  15                  * note: 最低为负值  但存储的是正值 所以会在     OLED_Alert_Temp()
  16                  *               中处理
  17              */
  18          void Deal_Init()
  19          {
  20   1          Uart_Init(UART_1,GPIORX_P30,GPIOTX_P31,9600,TIM_BRT);       
  21   1              Timer0_Init();
  22   1              DHT11_Init();
  23   1              OLED_Init();
  24   1              OLED_Clear();
  25   1              
  26   1              //如果阈值非法，则设为默认值
  27   1              AT24C02_Sequential_Read(0,Alert_Temp,2);
  28   1              if(Alert_Temp[0] > 125 || Alert_Temp[1] <-55 || Alert_Temp[0] <= Alert_Temp[1])
  29   1              {
  30   2                      Alert_Temp[0] = 30;
  31   2                      Alert_Temp[1] = 10;
  32   2              }
  33   1      }
  34          
  35          /****
  36                  * @brief        显示DS18B20 测得温度                      
  37                  * @param        x       OLED 显示行位置  x = 0(黄色) 2 4 6
  38                  * @return   无  
  39                  * Sample usage:OLED_DS18B20_Temp(2);
  40              */
  41          void OLED_DS18B20_Temp(uint8_t x)
  42          {
  43   1              if((x % 2 == 0) && (x <= 6) && (x >= 0))
  44   1              {
  45   2                      OLED_ShowCHinese(1,x,11);
  46   2                      OLED_ShowCHinese(16,x,12);
  47   2                      OLED_ShowChar(32,x+1,':',2);    
  48   2                      
  49   2                      OLED_ShowCHinese(92,x,14);
  50   2                      
  51   2                      DS18B20_ConvertT();
  52   2                      T=DS18B20_ReadT();
  53   2                      //printf("\r\nwd:>%f\n",T);
  54   2                      if(T<0)
C51 COMPILER V9.60.7.0   DEAL                                                              02/04/2023 17:30:13 PAGE 2   

  55   2                      {
  56   3                              OLED_ShowChar(74,x+1,'.',2);
  57   3                              OLED_ShowChar(43,x,'-',16);
  58   3                              OLED_ShowNum(49,x,T,3,16);
  59   3                              OLED_ShowNum(82,x,(uint32_t)(T*10000)%10000,2,16);
  60   3                      }
  61   2                      else OLED_ShowChar(64,x+1,'.',2);
  62   2                      OLED_ShowNum(39,x,T,3,16);
  63   2                      OLED_ShowNum(72,x,(uint32_t)(T*10000)%10000,2,16);
  64   2              }
  65   1              else
  66   1              {
  67   2                      OLED_ShowString(1,x,"Wrong Position!",16);
  68   2              }
  69   1      
  70   1      }
  71          
  72          /****
  73                  * @brief        显示DHT11 测得温度                        
  74                  * @param        无
  75                  * @return   无  
  76                  * Sample usage:OLED_DHT11_Temp();
  77              */
  78          void OLED_DHT11_Temp()
  79          {
  80   1              
  81   1          DHT11_Read_Data(&TempH,&TempL,&HumiH,&HumiL);       
  82   1              
  83   1              /*
  84   1              printf("Tem:%d ℃\r\n", (int)TempH);
  85   1              printf("Tem:%d ℃\r\n", (int)TempL);
  86   1          printf("Hum:%d %%H\r\n", (int)HumiH);
  87   1          printf("Hum:%d %%H\r\n", (int)HumiL);
  88   1          */
  89   1              
  90   1              OLED_ShowChar(47,6,'0'+(TempH/10),16);
  91   1              OLED_ShowChar(55,6,'0'+(TempH%10),16);
  92   1              OLED_ShowChar(72,6,'0'+(TempL/10),16);
  93   1              OLED_ShowChar(80,6,'0'+(TempL%10),16);  
  94   1              OLED_ShowCHinese(1,6,11);
  95   1              OLED_ShowCHinese(16,6,12);
  96   1              OLED_ShowChar(32,7,':',2);      
  97   1              OLED_ShowChar(64,7,'.',2);
  98   1              OLED_ShowCHinese(92,6,14);
  99   1              
 100   1              OLED_ShowChar(47,4,'0'+(HumiH/10),16);
 101   1              OLED_ShowChar(55,4,'0'+(HumiH%10),16);
 102   1              OLED_ShowChar(72,4,'0'+(HumiL/10),16);
 103   1              OLED_ShowChar(80,4,'0'+(HumiL%10),16);
 104   1              OLED_ShowCHinese(1,4,13);
 105   1              OLED_ShowCHinese(16,4,12);
 106   1              OLED_ShowChar(32,5,':',2);      
 107   1              OLED_ShowChar(64,5,'.',2);
 108   1              OLED_ShowString(92,4,"%RH",16);
 109   1      }
 110          
 111          /****
 112                  * @brief        显示DHT11 测得温度                        
 113                  * @param        无
 114                  * @return   无  
 115                  * Sample usage:OLED_DS18B20_Temp(2);
 116              */
C51 COMPILER V9.60.7.0   DEAL                                                              02/04/2023 17:30:13 PAGE 3   

 117          void OLED_Alert_Temp()
 118          {
 119   1              OLED_ShowString(1,2,"TempH:",16);
 120   1          OLED_ShowString(1,4,"TempL:",16);
 121   1      
 122   1              OLED_ShowNum(56,2,Alert_Temp[0],3,16);
 123   1              OLED_ShowChar(50,2,'+',16);
 124   1              OLED_ShowChar(50,4,'-',16);
 125   1              OLED_ShowNum(56,4,Alert_Temp[1],3,16);
 126   1              OLED_ShowCHinese(92,2,14);
 127   1              OLED_ShowCHinese(92,4,14);
 128   1      }
 129          
 130          /****
 131                  * @brief        预警温度设置                      
 132                  * @param        无
 133                  * @return   无  
 134                  * Sample usage:Alert_Temp_Set();
 135              */
 136          void Alert_Temp_Set()
 137          {
 138   1              if(KeyNum)
 139   1              {
 140   2                      if(4 == KeyNum)                                                 //高温预警值 ++
 141   2                      {
 142   3                              Alert_Temp[0]++;
 143   3                              if(Alert_Temp[0] > 125)
 144   3                              {
 145   4                                      Alert_Temp[0] = 125;
 146   4                              }
 147   3                      }
 148   2                      else if(5 == KeyNum)                                    //高温预警值 --
 149   2                      {
 150   3                              Alert_Temp[0]--;
 151   3                              if(Alert_Temp[0] <= Alert_Temp[1])
 152   3                              {
 153   4                                      Alert_Temp[0]++;
 154   4                              } 
 155   3                      }
 156   2                      else if(6 == KeyNum)                                    //低温预警值 ++
 157   2                      {
 158   3                              Alert_Temp[1]++;
 159   3                              if(Alert_Temp[1] >= Alert_Temp[0])
 160   3                              {
 161   4                                      Alert_Temp[1]--;
 162   4                              } 
 163   3                      }
 164   2                      else if(7 == KeyNum)                                    //低温预警值 --
 165   2                      {
 166   3                              Alert_Temp[1]--;
 167   3                              if(Alert_Temp[1] <= 0)
 168   3                              {
 169   4                                      Alert_Temp[1] = 55;
 170   4                              }
 171   3                      }
 172   2                      AT24C02_Page_Write(0,Alert_Temp,2);             //存储预警值
 173   2                      OLED_Alert_Temp();
 174   2              }
 175   1      }
 176          
 177          /****
 178                  * @brief        按键扫描                          
C51 COMPILER V9.60.7.0   DEAL                                                              02/04/2023 17:30:13 PAGE 4   

 179                  * @param        无
 180                  * @return   无  
 181                  * Sample usage:Key_Scan();
 182              */
 183          void Key_Scan()
 184          {
 185   1              KeyNum = key();
 186   1      }
 187          
 188          /****
 189                  * @brief        模式的选择                                        
 190                  * @param        无
 191                  * @return   无  
 192                  * Sample usage:Mode_Select();
 193              */
 194          void Mode_Select()
 195          {
 196   1              if(1 == KeyNum)
 197   1              {
 198   2                      OLED_Clear();
 199   2                      Mode = 0;               //显示温湿度
 200   2              }
 201   1              else if(2 == KeyNum)
 202   1              {
 203   2                      OLED_Clear();
 204   2                      Mode = 1;               //显示预警值
 205   2              }
 206   1              else if(3 == KeyNum)
 207   1              {
 208   2                      OLED_Clear();
 209   2                      Mode = 2;               //设置预警值
 210   2              }
 211   1              switch (Mode)
 212   1              {
 213   2                      case 0:
 214   2                              OLED_ShowString(1,0,"Temp Humi Test!",16);
 215   2                              OLED_DS18B20_Temp(2);
 216   2                              OLED_DHT11_Temp();
 217   2                      break;
 218   2                      
 219   2                      case 1:
 220   2                              OLED_ShowString(1,0,"Temp Warning !",16);
 221   2                              OLED_Alert_Temp();
 222   2                      break;
 223   2                      case 2:
 224   2                              OLED_ShowString(1,0,"Temp Alert Set!",16);
 225   2                              Alert_Temp_Set();
 226   2                      break;
 227   2                      default:
 228   2                              OLED_ShowString(1,0,"ERROR !",16);
 229   2                      break;
 230   2              }
 231   1      }
 232          
 233          /****
 234                  * @brief        温度报警                  
 235                  * @param        无
 236                  * @return   无  
 237                  * Sample usage:Temp_Alarm();
 238              */
 239          void Temp_Alarm()
 240          {
C51 COMPILER V9.60.7.0   DEAL                                                              02/04/2023 17:30:13 PAGE 5   

 241   1              Mode_Select();
 242   1              if(T > Alert_Temp[0])
 243   1              {
 244   2                      OLED_Clear();
 245   2                      OLED_DS18B20_Temp(0);
 246   2                      OLED_ShowString(1,2,"Warning...!!!",16);
 247   2                      OLED_ShowString(1,4,"High Temp !!!",16);
 248   2                      Delay(1000);
 249   2              }               
 250   1              else if(T < (0-Alert_Temp[1]))
 251   1              {
 252   2                      OLED_Clear();
 253   2                      OLED_DS18B20_Temp(0);
 254   2                      OLED_ShowString(1,2,"Warning...!!!",16);
 255   2                      OLED_ShowString(1,4,"Low Temp  !!!",16);
 256   2                      Delay(1000);
 257   2              }                        
 258   1      }


MODULE INFORMATION:   STATIC OVERLAYABLE
   CODE SIZE        =   1466    ----
   CONSTANT SIZE    =    131    ----
   XDATA SIZE       =     12       1
   PDATA SIZE       =   ----    ----
   DATA SIZE        =   ----    ----
   IDATA SIZE       =   ----    ----
   BIT SIZE         =   ----    ----
END OF MODULE INFORMATION.


C51 COMPILATION COMPLETE.  0 WARNING(S),  0 ERROR(S)
