C51 COMPILER V9.60.7.0   DHT11                                                             02/01/2023 18:01:59 PAGE 1   


C51 COMPILER V9.60.7.0, COMPILATION OF MODULE DHT11
OBJECT MODULE PLACED IN .\Objects\DHT11.obj
COMPILER INVOKED BY: E:\Keil5\C51\BIN\C51.EXE HardWare\DHT11.c LARGE OPTIMIZE(8,SPEED) BROWSE INCDIR(.\HardWare;.\User;.
                    -\Library;.\Library) DEBUG OBJECTEXTEND PRINT(.\Listings\DHT11.lst) OBJECT(.\Objects\DHT11.obj)

line level    source

   1          #include "DHT11.h"
   2          
   3          /****
   4                  * @brief        DHT11 延时80us                            
   5                  * @param        无
   6                  * @return   无          
   7                  * Sample usage: DHT11_Delay80us();
   8              */
   9          static void DHT11_Delay80us()           //@24.000MHz
  10          {
  11   1              unsigned char i, j;
  12   1      
  13   1              _nop_();
  14   1              _nop_();
  15   1              i = 2;
  16   1              j = 218;
  17   1              do
  18   1              {
  19   2                      while (--j);
  20   2              } while (--i);
  21   1      }
  22          
  23          /****
  24                  * @brief        DHT11 延时60us                            
  25                  * @param        无
  26                  * @return   无          
  27                  * Sample usage: DHT11_Delay60us();
  28              */
  29          static void DHT11_Delay60us()           //@24.000MHz
  30          {
  31   1              unsigned char i, j;
  32   1      
  33   1              _nop_();
  34   1              _nop_();
  35   1              i = 2;
  36   1              j = 98;
  37   1              do
  38   1              {
  39   2                      while (--j);
  40   2              } while (--i);
  41   1      }
  42          
  43          /****
  44                  * @brief        DHT11 初始化                              
  45                  * @param        无
  46                  * @return   无          
  47                  * Sample usage: DHT11_Init();
  48              */
  49          void DHT11_Init()
  50          {
  51   1          uint8_t i;
  52   1          DHT11_PIN = 1;
  53   1          i = 117;while (--i);        //30us
  54   1          DHT11_PIN = 0;
C51 COMPILER V9.60.7.0   DHT11                                                             02/01/2023 18:01:59 PAGE 2   

  55   1          Delay(20);
  56   1          DHT11_PIN = 1;
  57   1          i = 117;while (--i);
  58   1      }
  59          
  60          /****
  61                  * @brief        DHT11 读取引脚状态                        
  62                  * @param        无
  63                  * @return   0 / 1       
  64                  * Sample usage:DHT11_Init();
  65              */
  66          uint8_t DHT11_Read_Bit()
  67          {
  68   1          while(DHT11_PIN);           //等待低电平 开始传输数据
  69   1          while(!DHT11_PIN);          //等待高电平
  70   1          Delay(60);
  71   1          if(DHT11_PIN)
  72   1          {
  73   2              return 1;
  74   2          }
  75   1          return 0;
  76   1      }                                     
  77          
  78          /****
  79                  * @brief        DHT11 读取数据                            
  80                  * @param        无
  81                  * @return   Byte    读取的数据          
  82                  * Sample usage:DHT11_Read_Byte();
  83              */
  84          /*
  85          uint8_t DHT11_Read_Byte()
  86          {
  87              uint8_t i = 0;
  88              uint8_t Byte = 0x00;
  89              for(i = 0; i < 8; i++)
  90              {
  91                  Byte <<= 1;
  92                  Byte |= DHT11_Read_Bit();
  93              }
  94          }
  95          */
  96          
  97          /****
  98                  * @brief        DHT11 读取数据                            
  99                  * @param        无
 100                  * @return   Byte    读取的数据          
 101                  * Sample usage:DHT11_Read_Byte();
 102              */
 103          uint8_t DHT11_Read_Byte()
 104          {
 105   1          uint8_t i = 0;
 106   1          uint8_t Byte = 0x00;
 107   1          for(i = 0; i < 8; i++)
 108   1          {
 109   2              while(DHT11_PIN);       //等待低电平 开始传输数据
 110   2              while(!DHT11_PIN);
 111   2              DHT11_Delay60us();
 112   2              Byte <<= 1;
 113   2              if(DHT11_PIN == 1)
 114   2              {
 115   3                  Byte += 1;
 116   3              }
C51 COMPILER V9.60.7.0   DHT11                                                             02/01/2023 18:01:59 PAGE 3   

 117   2              while(DHT11_PIN);       //等待低电平 开始传输下一个数据
 118   2          }
 119   1          return Byte;
 120   1      }
 121          
 122          /****
 123                  * @brief        DHT11 读取温湿度数据                      
 124                  * @param        Data    存储读取的温湿度数据 
 125                  * @return   0 / 1   0>读取的数据错误         1          
 126                  * Sample usage:DHT11_Read_Data(&TempH,&TempL,&HumiH,&HumiL);
 127              */
 128          void DHT11_Read_Data(uint8_t *TempH,uint8_t *TempL,uint8_t *HumiH,uint8_t *HumiL)
 129          {
 130   1              uint8_t i;
 131   1              uint8_t Buff[5];
 132   1              DHT11_Init();
 133   1              if(DHT11_PIN == 0)
 134   1              {
 135   2                      while(DHT11_PIN == 0);    //等待拉高 
 136   2                      //DHT11_Delay80us();            
 137   2                      for(i=0;i<5;i++)
 138   2                      {
 139   3                              Buff[i] = DHT11_Read_Byte();
 140   3                      }
 141   2                      //i = 147;while (--i);
 142   2                      if(Buff[4] == Buff[0] + Buff[1] + Buff[2] + Buff[3])
 143   2                      {
 144   3                              *HumiH = Buff[0];
 145   3                              *HumiL = Buff[1];
 146   3                              *TempH = Buff[2];
 147   3                              *TempL = Buff[3];
 148   3                      }
 149   2              }
 150   1      }


MODULE INFORMATION:   STATIC OVERLAYABLE
   CODE SIZE        =    264    ----
   CONSTANT SIZE    =   ----    ----
   XDATA SIZE       =   ----      17
   PDATA SIZE       =   ----    ----
   DATA SIZE        =   ----    ----
   IDATA SIZE       =   ----    ----
   BIT SIZE         =   ----    ----
END OF MODULE INFORMATION.


C51 COMPILATION COMPLETE.  0 WARNING(S),  0 ERROR(S)
