C51 COMPILER V9.60.7.0   I2C                                                               02/03/2023 19:41:32 PAGE 1   


C51 COMPILER V9.60.7.0, COMPILATION OF MODULE I2C
OBJECT MODULE PLACED IN .\Objects\I2C.obj
COMPILER INVOKED BY: E:\Keil5\C51\BIN\C51.EXE HardWare\I2C.c LARGE OPTIMIZE(8,SPEED) BROWSE INCDIR(.\HardWare;.\User;.\L
                    -ibrary;.\Library) DEBUG OBJECTEXTEND PRINT(.\Listings\I2C.lst) OBJECT(.\Objects\I2C.obj)

line level    source

   1          #include "I2C.h"
   2          
   3          /****
   4                  * @brief        I2C_SCL 引脚写入0 / 1                             
   5                  * @param        BitValue    写入的 0 / 1 
   6                  * @return   无          
   7                  * Sample usage:IIC_SCL(1);
   8              */
   9          static void I2C_SCL(uint8_t BitValue)
  10          {
  11   1          I2C_SCL_PIN = BitValue;
  12   1          Delay10us();
  13   1      }
  14          
  15          /****
  16                  * @brief        I2C_SDA 引脚写入0 / 1                             
  17                  * @param        BitValue    写入的 0 / 1 
  18                  * @return   无          
  19                  * Sample usage:IIC_SDA(1);
  20              */
  21          static void I2C_SDA(uint8_t BitValue)
  22          {
  23   1          I2C_SDA_PIN = BitValue;
  24   1          Delay10us();
  25   1      }
  26          
  27          /****
  28                  * @brief        I2C_SDA 读取引脚状态                              
  29                  * @param        无
  30                  * @return   BitValue    读取的状态 0 / 1        
  31                  * Sample usage:IIC_R_SDA();
  32              */
  33          static uint8_t I2C_R_SDA()
  34          {
  35   1          uint8_t BitValue;
  36   1          BitValue = I2C_SDA_PIN;
  37   1          Delay10us();
  38   1          return BitValue;
  39   1      }
  40          
  41          /****
  42                  * @brief        开启 I2C                          
  43                  * @param        无                      
  44                  * @return   无
  45                  * Sample usage:I2C_Start()
  46              */
  47          void I2C_Start()
  48          {
  49   1          I2C_SDA(1);
  50   1          I2C_SCL(1);
  51   1          I2C_SDA(0);
  52   1          I2C_SCL(0);
  53   1      }
  54          
C51 COMPILER V9.60.7.0   I2C                                                               02/03/2023 19:41:32 PAGE 2   

  55          /****
  56                  * @brief        停止 I2C                          
  57                  * @param        无                      
  58                  * @return   无
  59                  * Sample usage:I2C_Start()
  60              */
  61          void I2C_Stop()
  62          {
  63   1          I2C_SDA(0);
  64   1          I2C_SCL(1);
  65   1          I2C_SDA(1);
  66   1      }
  67          
  68          /****
  69                  * @brief        I2C 发送数据                              
  70                  * @param        Byte    发送的数据 
  71                  * @return   无          
  72                  * Sample usage:I2C_Write_Byte(0x01);
  73              */
  74          void I2C_Write_Byte(uint8_t Byte)
  75          {
  76   1          uint8_t i = 0;
  77   1          for(i = 0; i < 8; i++)
  78   1          {
  79   2              I2C_SDA(Byte & (0x80 >> i));
  80   2              I2C_SCL(1);
  81   2              I2C_SCL(0);
  82   2          }
  83   1      }
  84          
  85          /****
  86                  * @brief        I2C 接收数据                              
  87                  * @param        无
  88                  * @return   Byte    接收的数据          
  89                  * Sample usage:I2C_Receive_Byte();
  90              */
  91          uint8_t I2C_Receive_Byte()
  92          {
  93   1          uint8_t i = 0;
  94   1          uint8_t Byte = 0x00;
  95   1          I2C_SDA(1);
  96   1          for(i = 0; i < 8; i++)
  97   1          {
  98   2              I2C_SCL(1);
  99   2                      if(I2C_R_SDA()){Byte|=(0x80>>i);}
 100   2                      I2C_SCL(0);
 101   2          }
 102   1          return Byte;
 103   1      }
 104          
 105          /****
 106                  * @brief        I2C 发送应答                      
 107                  * @param        Ack     发送的应答   0 / 1
 108                  * @return   无  
 109                  * Sample usage:I2C_SendAck(1);
 110              */
 111          void I2C_Send_Ack(uint8_t Ack)
 112          {
 113   1          I2C_SDA(Ack);
 114   1          I2C_SCL(1);
 115   1          I2C_SCL(0);
 116   1      }
C51 COMPILER V9.60.7.0   I2C                                                               02/03/2023 19:41:32 PAGE 3   

 117          
 118          /****
 119                  * @brief        I2C 接收应答                      
 120                  * @param        无
 121                  * @return   Ack         接收的应答  0 / 1
 122                  * Sample usage:I2C_Receive_Ack();
 123              */
 124          uint8_t I2C_Receive_Ack()
 125          {
 126   1          uint8_t Ack = 0;
 127   1          I2C_SDA(1);
 128   1          I2C_SCL(1);
 129   1          Ack = I2C_R_SDA();
 130   1          I2C_SCL(0);
 131   1          return Ack;
 132   1      }


MODULE INFORMATION:   STATIC OVERLAYABLE
   CODE SIZE        =    250    ----
   CONSTANT SIZE    =   ----    ----
   XDATA SIZE       =   ----       6
   PDATA SIZE       =   ----    ----
   DATA SIZE        =   ----    ----
   IDATA SIZE       =   ----    ----
   BIT SIZE         =   ----    ----
END OF MODULE INFORMATION.


C51 COMPILATION COMPLETE.  0 WARNING(S),  0 ERROR(S)
