C51 COMPILER V9.60.7.0   KEY                                                               02/04/2023 17:30:13 PAGE 1   


C51 COMPILER V9.60.7.0, COMPILATION OF MODULE KEY
OBJECT MODULE PLACED IN .\Objects\KEY.obj
COMPILER INVOKED BY: E:\Keil5\C51\BIN\C51.EXE HardWare\KEY.c LARGE OPTIMIZE(8,SPEED) BROWSE INCDIR(.\HardWare;.\User;.\L
                    -ibrary;.\Library) DEBUG OBJECTEXTEND PRINT(.\Listings\KEY.lst) OBJECT(.\Objects\KEY.obj)

line level    source

   1          #include "KEY.h"
   2          
   3          uint8_t Key_KeyNum;
   4          uint16_t count=0;
   5          
   6          void Timer0_Init()              //1毫秒@24.000MHz
   7          {
   8   1              AUXR &= 0x7F;           //定时器时钟12T模式
   9   1              TMOD &= 0xF0;           //设置定时器模式
  10   1              TMOD |= 0x01;           //设置定时器模式
  11   1              TL0 = 0x66;             //设置定时初始值
  12   1              TH0 = 0xFC;             //设置定时初始值
  13   1              TF0 = 0;                //清除TF0标志
  14   1              TR0 = 1;                //定时器0开始计时
  15   1              EA=1;
  16   1              ET0=1;
  17   1      }
  18          
  19          unsigned char key()
  20          {
  21   1              uint8_t Temp;
  22   1              Temp=Key_KeyNum;
  23   1              Key_KeyNum=0;
  24   1              return Temp;
  25   1      }
  26          
  27          /**
  28             *@brief      获取独立按键码
  29             *@param      无
  30             *@retval     按下按键的键码，范围：0~8，无按键按下时返回0
  31             **/
  32          unsigned char key_GetState()
  33          {
  34   1              unsigned char keynumber=0;
  35   1              
  36   1              if(Key1 == 0){keynumber=1;}
  37   1              if(Key2 == 0){keynumber=2;}
  38   1              if(Key3 == 0){keynumber=3;}
  39   1              if(Key4 == 0){keynumber=4;}
  40   1              if(Key5 == 0){keynumber=5;}
  41   1              if(Key6 == 0){keynumber=6;}
  42   1              if(Key7 == 0){keynumber=7;}
  43   1              if(Key8 == 0){keynumber=8;}
  44   1              
  45   1              return keynumber;
  46   1      }       
  47          
  48          void Key_Loop()
  49          {
  50   1              static uint8_t NowState,LastState;
  51   1              LastState=NowState;
  52   1              NowState=key_GetState();
  53   1              if(LastState==1 && NowState==0)
  54   1              {
C51 COMPILER V9.60.7.0   KEY                                                               02/04/2023 17:30:13 PAGE 2   

  55   2                      Key_KeyNum=1;
  56   2              }
  57   1              if(LastState==2 && NowState==0)
  58   1              {
  59   2                      Key_KeyNum=2;
  60   2              }
  61   1              if(LastState==3 && NowState==0)
  62   1              {
  63   2                      Key_KeyNum=3;
  64   2              }
  65   1              if(LastState==4 && NowState==0)
  66   1              {
  67   2                      Key_KeyNum=4;
  68   2              }
  69   1              if(LastState==5 && NowState==0)
  70   1              {
  71   2                      Key_KeyNum=5;
  72   2              }
  73   1              if(LastState==6 && NowState==0)
  74   1              {
  75   2                      Key_KeyNum=6;
  76   2              }
  77   1              if(LastState==7 && NowState==0)
  78   1              {
  79   2                      Key_KeyNum=7;
  80   2              }
  81   1              if(LastState==8 && NowState==0)
  82   1              {
  83   2                      Key_KeyNum=8;
  84   2              }
  85   1      }
  86          
  87          void Time0_Routine() interrupt 1
  88          {
  89   1              static uint16_t count=0;
  90   1              TL0 = 0x66;     
  91   1              TH0 = 0xFC;     
  92   1              count++;
  93   1              if(count == 20)
  94   1              {
  95   2                      count = 0;
  96   2                      Key_Loop();
  97   2                      //P3 = ~P3;
  98   2              }
  99   1      }
 100          
 101          


MODULE INFORMATION:   STATIC OVERLAYABLE
   CODE SIZE        =    297    ----
   CONSTANT SIZE    =   ----    ----
   XDATA SIZE       =      7    ----
   PDATA SIZE       =   ----    ----
   DATA SIZE        =   ----    ----
   IDATA SIZE       =   ----    ----
   BIT SIZE         =   ----    ----
END OF MODULE INFORMATION.


C51 COMPILATION COMPLETE.  0 WARNING(S),  0 ERROR(S)
