C51 COMPILER V9.60.7.0   MAIN                                                              01/26/2023 23:34:12 PAGE 1   


C51 COMPILER V9.60.7.0, COMPILATION OF MODULE MAIN
OBJECT MODULE PLACED IN .\Objects\main.obj
COMPILER INVOKED BY: E:\Keil5\C51\BIN\C51.EXE User\main.c LARGE OPTIMIZE(8,SPEED) BROWSE INCDIR(.\HardWare;.\User;.\Libr
                    -ary;.\Library) DEBUG OBJECTEXTEND PRINT(.\Listings\main.lst) OBJECT(.\Objects\main.obj)

line level    source

   1          #include "LD3320.h"
   2          
   3          void main()
   4          {
   5   1              Uart_Init(UART_1,GPIORX_P30,GPIOTX_P31,9600,TIM_BRT);   
   6   1              ES = 1;
   7   1              EA = 1;
   8   1              Uart_SendCMD(Specify_Volume,0x00,20);
   9   1              while(1)
  10   1              {
  11   2                      MP3_Play();
  12   2              }
  13   1      }
  14          


MODULE INFORMATION:   STATIC OVERLAYABLE
   CODE SIZE        =     40    ----
   CONSTANT SIZE    =   ----    ----
   XDATA SIZE       =   ----    ----
   PDATA SIZE       =   ----    ----
   DATA SIZE        =   ----    ----
   IDATA SIZE       =   ----    ----
   BIT SIZE         =   ----    ----
END OF MODULE INFORMATION.


C51 COMPILATION COMPLETE.  0 WARNING(S),  0 ERROR(S)
