C51 COMPILER V9.60.7.0   MOTOR_HANDLER                                                     01/14/2023 00:41:28 PAGE 1   


C51 COMPILER V9.60.7.0, COMPILATION OF MODULE MOTOR_HANDLER
OBJECT MODULE PLACED IN .\Objects\MOTOR_HANDLER.obj
COMPILER INVOKED BY: E:\Keil5\C51\BIN\C51.EXE User\MOTOR_HANDLER.c LARGE OPTIMIZE(8,SPEED) BROWSE INCDIR(.\HardWare;.\Us
                    -er;.\Library;.\Library) DEBUG OBJECTEXTEND PRINT(.\Listings\MOTOR_HANDLER.lst) OBJECT(.\Objects\MOTOR_HANDLER.obj)

line level    source

   1          #include "MOTOR_HANDLER.h"
   2          
   3          uint8_t Auto_Hand_Mode_Flag=1;  //自动手动模式切换标志(默认蓝牙模式)
   4          
   5          uint16_t Distance_Middle = 0;   //中间距离
   6          uint16_t Distance_Left = 0;             //左侧距离
   7          uint16_t Distance_Right = 0;    //右侧距离
   8          
   9          /****
  10                  * @brief        蓝牙...模式             不局限与蓝牙模块使用
  11                  * @param        无
  12                  * @return   无          
  13                  * Sample usage:MOTOR_Blue_Mode();
  14                  * @note 
  15              */
  16          void MOTOR_Blue_Mode()
  17          {
  18   1              if(Flag1 == 1)
  19   1              {
  20   2                      if(strstr(RX1_DAT,FORWARD) != NULL)                     //接收的数据判比较
  21   2                      {
  22   3                              Motor_ForWard();                //前进
  23   3                      }
  24   2                      else if(strstr(RX1_DAT,BACK) != NULL)
  25   2                      {
  26   3                              Motor_Back();                   //后退
  27   3                      }
  28   2                      else if(strstr(RX1_DAT,TURNLEFT) != NULL)
  29   2                      {
  30   3                              Motor_TurnLeft();               //左转
  31   3                      }
  32   2                      else if(strstr(RX1_DAT,TURNRIGHT) != NULL)
  33   2                      {
  34   3                              Motor_TurnRight();              //右转
  35   3                      }
  36   2                      else if(strstr(RX1_DAT,STOP) != NULL)
  37   2                      {
  38   3                              Motor_Stop();                   //停止
  39   3                      }
  40   2                      else if(strstr(RX1_DAT,REDUCESPEED      ) != NULL)
  41   2                      {
  42   3                              Motor_ReduceSpeed();    //减速          每次 减10 
  43   3                      }
  44   2                      else if(strstr(RX1_DAT,ADDSPEED ) != NULL)
  45   2                      {
  46   3                              Motor_AddSpeed();               //加速          每次 加10 
  47   3                      }
  48   2                      Flag1=0;                                                //接收标志清零
  49   2                      Uart_SendString(UART_1,RX1_DAT); 
  50   2              }
  51   1      }
  52          
  53          /****
  54                  * @brief        避障模式
C51 COMPILER V9.60.7.0   MOTOR_HANDLER                                                     01/14/2023 00:41:28 PAGE 2   

  55                  * @param        无
  56                  * @return   无          
  57                  * Sample usage:Motor_Ultrasonic_Mode();
  58                  * @note 
  59              */
  60          void Motor_Ultrasonic_Mode()
  61          {
  62   1              Servo_PWM = 3;                  //超声波转向中间
  63   1              Delay1ms();
  64   1              Distance_Middle = Ultrasonic_GetDistance();                     //检测右侧距离
  65   1              Delay1ms();
  66   1              if(Distance_Middle <= 200)
  67   1              {
  68   2                      Voice_Count = 200;              //蜂鸣器提醒
  69   2      
  70   2                      Motor_Stop();                   //停止
  71   2      
  72   2                      Servo_PWM = 1;          //超声波转向右侧
  73   2                      Delay(1000);
  74   2                      Distance_Right = Ultrasonic_GetDistance();              //检测右侧距离
  75   2                      Delay1ms();
  76   2      
  77   2                      Servo_PWM = 5;          //超声波转向左侧
  78   2                      Delay(1600);
  79   2                      Distance_Left = Ultrasonic_GetDistance();               //检测左侧距离
  80   2                      Delay1ms();
  81   2              }
  82   1              if(Distance_Middle > 300)               //前方距离大于30cm  前进
  83   1              {
  84   2                      Motor_ForWard();
  85   2              }
  86   1              else if(Distance_Right >= Distance_Left && Distance_Right > 300)        
  87   1              {
  88   2                      //若右距离大于左距离 并且大于30cm时  右转一段时间停下
  89   2                      Motor_TurnRight();
  90   2                      Delay(1000);
  91   2                      Motor_Stop();
  92   2              }
  93   1              else if(Distance_Right <= Distance_Left && Distance_Left > 300)         
  94   1              {
  95   2                      //若左距离大于右距离 并且大于30cm时  左转一段时间停下
  96   2                      Motor_TurnLeft();
  97   2                      Delay(1000);
  98   2                      Motor_Stop();
  99   2              }
 100   1              //printf("Distance:%d\r\n",Distance_Middle);                    //打印下距离
 101   1      }
 102          
 103          /****
 104                  * @brief        运行模式切换 -- 避障  蓝牙  
 105                  * @param        无
 106                  * @return   无          
 107                  * Sample usage:Auto_Hand_Mode();
 108                  * @note 
 109              */
 110          void Auto_Hand_Mode()
 111          {
 112   1              switch(Auto_Hand_Mode_Flag)
 113   1              {
 114   2                      case Ultrasonic_Mode:
 115   2                              Motor_Ultrasonic_Mode();                //避障
 116   2                      break;
C51 COMPILER V9.60.7.0   MOTOR_HANDLER                                                     01/14/2023 00:41:28 PAGE 3   

 117   2                      case Blue_Mode:
 118   2                              MOTOR_Blue_Mode();                              //蓝牙
 119   2                      break;
 120   2                      default:                                                        //正常情况只有 0 / 1 两种 不会执行该语句  可以不写
 121   2                              printf("Select Err\n");
 122   2                      break;
 123   2              }
 124   1      }
 125          
 126          /****
 127                  * @brief        Into 中断函数  -- 检测按键 
 128                  * @param        无
 129                  * @return   无  
 130                  * @note         由于按键在 P3.2 所以用中断  也可另写一个按键检测函数
 131              */
 132          void Int0() interrupt 0
 133          {
 134   1              if(Key == 0)
 135   1              {
 136   2                      Delay(20);
 137   2                      if(Key == 0)
 138   2                      {
 139   3                              if(Auto_Hand_Mode_Flag)         
 140   3                              {
 141   4                                      Auto_Hand_Mode_Flag = 0;
 142   4                              }
 143   3                              else 
 144   3                              {
 145   4                                      Auto_Hand_Mode_Flag = 1;
 146   4                              }
 147   3                      }
 148   2                      while(!Key);
 149   2              }
 150   1      }


MODULE INFORMATION:   STATIC OVERLAYABLE
   CODE SIZE        =    567    ----
   CONSTANT SIZE    =     52    ----
   XDATA SIZE       =      7    ----
   PDATA SIZE       =   ----    ----
   DATA SIZE        =   ----    ----
   IDATA SIZE       =   ----    ----
   BIT SIZE         =   ----    ----
END OF MODULE INFORMATION.


C51 COMPILATION COMPLETE.  0 WARNING(S),  0 ERROR(S)
