C51 COMPILER V9.60.7.0   MOTOR                                                             01/14/2023 00:41:28 PAGE 1   


C51 COMPILER V9.60.7.0, COMPILATION OF MODULE MOTOR
OBJECT MODULE PLACED IN .\Objects\MOTOR.obj
COMPILER INVOKED BY: E:\Keil5\C51\BIN\C51.EXE HardWare\MOTOR.c LARGE OPTIMIZE(8,SPEED) BROWSE INCDIR(.\HardWare;.\User;.
                    -\Library;.\Library) DEBUG OBJECTEXTEND PRINT(.\Listings\MOTOR.lst) OBJECT(.\Objects\MOTOR.obj)

line level    source

   1          #include "MOTOR.h"
   2          
   3          uint8_t compare=80;
   4          
   5          /****
   6                  @brief      定时器初始化                500微秒@11.0592MHz
   7                  @param          无
   8                  @return     无          
   9                  Sample usage:   Time0_Init();
  10          ****/
  11          void Time0_Init()
  12          {
  13   1              AUXR |= 0x80;                   //定时器时钟1T模式
  14   1              TMOD &= 0xF0;                   //设置定时器模式
  15   1              TMOD |= 0x01;                   //设置定时器模式
  16   1              TL0 = 0x66;                             //设置定时初始值
  17   1              TH0 = 0xEA;                             //设置定时初始值
  18   1              TF0 = 0;                                //清除TF0标志
  19   1              TR0 = 1;                                //定时器0开始计时
  20   1              ET0 = 1;                                //开启定时器中断
  21   1              EA = 1;                                 //开启总中断 
  22   1      }
  23          
  24          /****
  25              *@brief             加速
  26              *@param             无
  27              *@retval    无
  28          *****/
  29          void Motor_AddSpeed()
  30          {
  31   1              compare+=10;
  32   1      }
  33          
  34          /****
  35              *@brief             减速
  36              *@param             无
  37              *@retval    无
  38          *****/
  39          void Motor_ReduceSpeed()
  40          {
  41   1              compare-=10;
  42   1      }
  43          
  44          /****
  45                  * @brief      电机初始化、定时器0初始化
  46                  *                         舵机、蜂鸣器初始化
  47                  * @param          无
  48                  * @return     无        
  49                  Sample usage:    Motor_Init(); 
  50              */
  51          void Motor_Init()
  52          {
  53   1              Time0_Init();
  54   1              
C51 COMPILER V9.60.7.0   MOTOR                                                             01/14/2023 00:41:28 PAGE 2   

  55   1              LEFT_MOTOR_STOP;
  56   1              RIGHT_MOTOR_STOP;
  57   1      }
  58          
  59          /****
  60                  @brief      前进
  61                  @param          无
  62                  @return     无          
  63                  Sample usage:    Motor_Ford(); 
  64          ****/
  65          void Motor_ForWard()
  66          {
  67   1              LEFT_MOTOR_GO;
  68   1              RIGHT_MOTOR_GO;
  69   1      }
  70          
  71          /****
  72                  @brief      后退
  73                  @param          无
  74                  @return     无          
  75                  Sample usage:    Motor_Back();        
  76          ****/
  77          void Motor_Back()
  78          {
  79   1              LEFT_MOTOR_BACK;
  80   1              RIGHT_MOTOR_BACK;
  81   1      }
  82          
  83          /****
  84              *@brief             左转
  85              *@param             无
  86              *@retval    无
  87                  Sample usage:    Motor_Turnleft();  
  88          *****/
  89          void Motor_TurnLeft()
  90          {
  91   1              LEFT_MOTOR_BACK;
  92   1              RIGHT_MOTOR_GO;
  93   1      }
  94          
  95          /****
  96              *@brief             右转
  97              *@param             无
  98              *@retval    无
  99                  Sample usage:    Motor_Turnright();  
 100          *****/
 101          void Motor_TurnRight()
 102          {
 103   1              LEFT_MOTOR_GO;
 104   1              RIGHT_MOTOR_BACK;
 105   1      }
 106          
 107          /****
 108              *@brief             停止
 109              *@param             无
 110              *@retval    无
 111                  Sample usage:    Motor_Stop();  
 112          *****/
 113          void Motor_Stop()
 114          {
 115   1              LEFT_MOTOR_STOP;
 116   1              RIGHT_MOTOR_STOP;
C51 COMPILER V9.60.7.0   MOTOR                                                             01/14/2023 00:41:28 PAGE 3   

 117   1      }
 118          
 119          //定时器0中断
 120          void Time0_Routine() interrupt 1
 121          {
 122   1              static uint8_t count1=0; //电机计数标志
 123   1              static uint8_t count2=0; //舵机计数标志
 124   1              TL0 = 0x66;                             //设置定时初始值
 125   1              TH0 = 0xEA;                             //设置定时初始值
 126   1              //电机
 127   1              count1++;
 128   1              count1 %= 200;
 129   1              if(compare > count1)
 130   1              {
 131   2                      EN1=EN2=1;
 132   2              }
 133   1              else 
 134   1              {
 135   2                      EN1=EN2=0;
 136   2              }
 137   1                      
 138   1              //舵机
 139   1              count2++;                       //500us 记一次
 140   1              count2 %= 40;           //20ms 周期
 141   1              if(Servo_PWM > count2)
 142   1              {
 143   2                      Servo=1;
 144   2              }
 145   1              else 
 146   1              {
 147   2                      Servo=0;
 148   2              }
 149   1              
 150   1              //蜂鸣器
 151   1              if(Voice_Count != 0)
 152   1              {
 153   2                      Voice_Count--;
 154   2                      Beep = 0;
 155   2              }
 156   1              else
 157   1              {
 158   2                      Beep = 1;
 159   2              }
 160   1      }
 161          
 162                  
 163          


MODULE INFORMATION:   STATIC OVERLAYABLE
   CODE SIZE        =    223    ----
   CONSTANT SIZE    =   ----    ----
   XDATA SIZE       =      3    ----
   PDATA SIZE       =   ----    ----
   DATA SIZE        =   ----    ----
   IDATA SIZE       =   ----    ----
   BIT SIZE         =   ----    ----
END OF MODULE INFORMATION.


C51 COMPILATION COMPLETE.  0 WARNING(S),  0 ERROR(S)
