C51 COMPILER V9.60.7.0   MAIN                                                              01/14/2023 00:41:28 PAGE 1   


C51 COMPILER V9.60.7.0, COMPILATION OF MODULE MAIN
OBJECT MODULE PLACED IN .\Objects\main.obj
COMPILER INVOKED BY: E:\Keil5\C51\BIN\C51.EXE User\main.c LARGE OPTIMIZE(8,SPEED) BROWSE INCDIR(.\HardWare;.\User;.\Libr
                    -ary;.\Library) DEBUG OBJECTEXTEND PRINT(.\Listings\main.lst) OBJECT(.\Objects\main.obj)

line level    source

   1          #include "MOTOR_HANDLER.h"
   2          
   3          void main()
   4          {
   5   1              Motor_Init();
   6   1              Ultrasonic_Init();
   7   1              Uart_Init(UART_1,GPIORX_P30,GPIOTX_P31,9600,TIM_BRT);
   8   1              ES = 1;
   9   1              IT0 = 1;
  10   1              EX0 = 1;
  11   1              //IE2 |= 0x01;
  12   1              EA = 1;         //定时器中已开启
  13   1              Voice_Count = 100;
  14   1              while(1)
  15   1              {
  16   2                      Auto_Hand_Mode();
  17   2              }
  18   1      }
  19          


MODULE INFORMATION:   STATIC OVERLAYABLE
   CODE SIZE        =     48    ----
   CONSTANT SIZE    =   ----    ----
   XDATA SIZE       =   ----    ----
   PDATA SIZE       =   ----    ----
   DATA SIZE        =   ----    ----
   IDATA SIZE       =   ----    ----
   BIT SIZE         =   ----    ----
END OF MODULE INFORMATION.


C51 COMPILATION COMPLETE.  0 WARNING(S),  0 ERROR(S)
