C51 COMPILER V9.60.7.0   MAIN                                                              01/09/2023 21:25:33 PAGE 1   


C51 COMPILER V9.60.7.0, COMPILATION OF MODULE MAIN
OBJECT MODULE PLACED IN .\Objects\main.obj
COMPILER INVOKED BY: E:\Keil5\C51\BIN\C51.EXE User\main.c LARGE OPTIMIZE(8,SPEED) BROWSE INCDIR(.\HardWare;.\User;.\Libr
                    -ary) DEBUG OBJECTEXTEND PRINT(.\Listings\main.lst) OBJECT(.\Objects\main.obj)

line level    source

   1          #include "UART.h"
   2          #include "MOTOR.h"
   3          //#include <stdio.h>
   4          #include <string.h>
   5          
   6          //char arr[]={0x10,0x12,0x03,0x04,6,7,5};
   7          
   8          void Voice_Mode();
   9          
  10          void main()
  11          {
  12   1              Motor_Init();
  13   1              Uart_Init(UART_1,GPIORX_P30,GPIOTX_P31,9600,TIM_1);
  14   1              ES = 1;
  15   1              //IE2 |= 0x01;
  16   1              //EA = 1;               //定时器已开启
  17   1              while(1)
  18   1              {
  19   2                      
  20   2                      Voice_Mode();
  21   2                      /* test
  22   2                      if(NULL != strstr(RX_DAT,"FORWARD"))
  23   2                              P1=0;
  24   2                      Uart_SendByte(UART_1,'p');
  25   2                      Uart_SendString(UART_1,"ABCD");  
  26   2                      Uart_SendBuff(UART_1,&arr,7);
  27   2                      printf("Hello\n");
  28   2                      */
  29   2              }
  30   1      }
  31          
  32          void Voice_Mode()
  33          {
  34   1              if(Flag1==1)
  35   1              {
  36   2                      if(strstr(RX1_DAT,FORWARD) != NULL)
  37   2                      {
  38   3                              Motor_ForWard();
  39   3                              //P2=0x0f; 
  40   3                      }
  41   2                      else if(strstr(RX1_DAT,BACK) != NULL)
  42   2                      {
  43   3                              Motor_Back();
  44   3                              //P2=0xf0;
  45   3                      }
  46   2                      else if(strstr(RX1_DAT,TURNLEFT) != NULL)
  47   2                      {
  48   3                              Motor_TurnLeft(); 
  49   3                      }
  50   2                      else if(strstr(RX1_DAT,TURNRIGHT) != NULL)
  51   2                      {
  52   3                              Motor_Turnright(); 
  53   3                      }
  54   2                      else if(strstr(RX1_DAT,STOP) != NULL)
C51 COMPILER V9.60.7.0   MAIN                                                              01/09/2023 21:25:33 PAGE 2   

  55   2                      {
  56   3                              Motor_Stop();
  57   3                      }
  58   2                      else if(strstr(RX1_DAT,REDUCESPEED      ) != NULL)
  59   2                      {
  60   3                              Motor_ReduceSpeed();
  61   3                      }
  62   2                      else if(strstr(RX1_DAT,ADDSPEED ) != NULL)
  63   2                      {
  64   3                              Motor_AddSpeed(); 
  65   3                      }
  66   2                      Flag1=0;
  67   2                      Uart_SendString(UART_1,RX1_DAT); 
  68   2              }
  69   1      }


MODULE INFORMATION:   STATIC OVERLAYABLE
   CODE SIZE        =    283    ----
   CONSTANT SIZE    =     40    ----
   XDATA SIZE       =   ----    ----
   PDATA SIZE       =   ----    ----
   DATA SIZE        =   ----    ----
   IDATA SIZE       =   ----    ----
   BIT SIZE         =   ----    ----
END OF MODULE INFORMATION.


C51 COMPILATION COMPLETE.  0 WARNING(S),  0 ERROR(S)
